<?xml version="1.0" encoding="UTF-8"?>
<testsuite xmlns:xsi="http://www.w3.org/2001/XMLSchema-instance" xsi:noNamespaceSchemaLocation="https://maven.apache.org/surefire/maven-surefire-plugin/xsd/surefire-test-report.xsd" name="com.example.demo.DemoApplicationTests" time="7.249" tests="1" errors="0" skipped="0" failures="0">
  <properties>
    <property name="java.specification.version" value="20"/>
    <property name="sun.jnu.encoding" value="UTF-8"/>
    <property name="java.class.path" value="/home/mayur/IdeaProjects/demo/target/test-classes:/home/mayur/IdeaProjects/demo/target/classes:/home/mayur/.m2/repository/org/springdoc/springdoc-openapi-starter-webmvc-ui/2.1.0/springdoc-openapi-starter-webmvc-ui-2.1.0.jar:/home/mayur/.m2/repository/org/springdoc/springdoc-openapi-starter-webmvc-api/2.1.0/springdoc-openapi-starter-webmvc-api-2.1.0.jar:/home/mayur/.m2/repository/org/springdoc/springdoc-openapi-starter-common/2.1.0/springdoc-openapi-starter-common-2.1.0.jar:/home/mayur/.m2/repository/io/swagger/core/v3/swagger-core-jakarta/2.2.9/swagger-core-jakarta-2.2.9.jar:/home/mayur/.m2/repository/org/apache/commons/commons-lang3/3.12.0/commons-lang3-3.12.0.jar:/home/mayur/.m2/repository/io/swagger/core/v3/swagger-annotations-jakarta/2.2.9/swagger-annotations-jakarta-2.2.9.jar:/home/mayur/.m2/repository/io/swagger/core/v3/swagger-models-jakarta/2.2.9/swagger-models-jakarta-2.2.9.jar:/home/mayur/.m2/repository/com/fasterxml/jackson/dataformat/jackson-dataformat-yaml/2.14.2/jackson-dataformat-yaml-2.14.2.jar:/home/mayur/.m2/repository/org/webjars/swagger-ui/4.18.2/swagger-ui-4.18.2.jar:/home/mayur/.m2/repository/org/springframework/boot/spring-boot-starter-data-jpa/3.1.0-M2/spring-boot-starter-data-jpa-3.1.0-M2.jar:/home/mayur/.m2/repository/org/springframework/boot/spring-boot-starter-aop/3.1.0-M2/spring-boot-starter-aop-3.1.0-M2.jar:/home/mayur/.m2/repository/org/springframework/spring-aop/6.0.7/spring-aop-6.0.7.jar:/home/mayur/.m2/repository/org/aspectj/aspectjweaver/1.9.19/aspectjweaver-1.9.19.jar:/home/mayur/.m2/repository/org/springframework/boot/spring-boot-starter-jdbc/3.1.0-M2/spring-boot-starter-jdbc-3.1.0-M2.jar:/home/mayur/.m2/repository/com/zaxxer/HikariCP/5.0.1/HikariCP-5.0.1.jar:/home/mayur/.m2/repository/org/springframework/spring-jdbc/6.0.7/spring-jdbc-6.0.7.jar:/home/mayur/.m2/repository/org/hibernate/orm/hibernate-core/6.1.7.Final/hibernate-core-6.1.7.Final.jar:/home/mayur/.m2/repository/jakarta/persistence/jakarta.persistence-api/3.1.0/jakarta.persistence-api-3.1.0.jar:/home/mayur/.m2/repository/jakarta/transaction/jakarta.transaction-api/2.0.1/jakarta.transaction-api-2.0.1.jar:/home/mayur/.m2/repository/org/jboss/logging/jboss-logging/3.5.0.Final/jboss-logging-3.5.0.Final.jar:/home/mayur/.m2/repository/org/hibernate/common/hibernate-commons-annotations/6.0.6.Final/hibernate-commons-annotations-6.0.6.Final.jar:/home/mayur/.m2/repository/org/jboss/jandex/2.4.2.Final/jandex-2.4.2.Final.jar:/home/mayur/.m2/repository/com/fasterxml/classmate/1.5.1/classmate-1.5.1.jar:/home/mayur/.m2/repository/net/bytebuddy/byte-buddy/1.14.2/byte-buddy-1.14.2.jar:/home/mayur/.m2/repository/org/glassfish/jaxb/jaxb-runtime/4.0.2/jaxb-runtime-4.0.2.jar:/home/mayur/.m2/repository/org/glassfish/jaxb/jaxb-core/4.0.2/jaxb-core-4.0.2.jar:/home/mayur/.m2/repository/org/eclipse/angus/angus-activation/2.0.0/angus-activation-2.0.0.jar:/home/mayur/.m2/repository/org/glassfish/jaxb/txw2/4.0.2/txw2-4.0.2.jar:/home/mayur/.m2/repository/com/sun/istack/istack-commons-runtime/4.1.1/istack-commons-runtime-4.1.1.jar:/home/mayur/.m2/repository/jakarta/inject/jakarta.inject-api/2.0.0/jakarta.inject-api-2.0.0.jar:/home/mayur/.m2/repository/org/antlr/antlr4-runtime/4.10.1/antlr4-runtime-4.10.1.jar:/home/mayur/.m2/repository/org/springframework/data/spring-data-jpa/3.1.0-M3/spring-data-jpa-3.1.0-M3.jar:/home/mayur/.m2/repository/org/springframework/data/spring-data-commons/3.1.0-M3/spring-data-commons-3.1.0-M3.jar:/home/mayur/.m2/repository/org/springframework/spring-orm/6.0.7/spring-orm-6.0.7.jar:/home/mayur/.m2/repository/org/springframework/spring-context/6.0.7/spring-context-6.0.7.jar:/home/mayur/.m2/repository/org/springframework/spring-tx/6.0.7/spring-tx-6.0.7.jar:/home/mayur/.m2/repository/org/springframework/spring-beans/6.0.7/spring-beans-6.0.7.jar:/home/mayur/.m2/repository/jakarta/annotation/jakarta.annotation-api/2.1.1/jakarta.annotation-api-2.1.1.jar:/home/mayur/.m2/repository/org/springframework/spring-aspects/6.0.7/spring-aspects-6.0.7.jar:/home/mayur/.m2/repository/org/springframework/boot/spring-boot-starter-web/3.1.0-M2/spring-boot-starter-web-3.1.0-M2.jar:/home/mayur/.m2/repository/org/springframework/boot/spring-boot-starter/3.1.0-M2/spring-boot-starter-3.1.0-M2.jar:/home/mayur/.m2/repository/org/springframework/boot/spring-boot-starter-logging/3.1.0-M2/spring-boot-starter-logging-3.1.0-M2.jar:/home/mayur/.m2/repository/ch/qos/logback/logback-classic/1.4.6/logback-classic-1.4.6.jar:/home/mayur/.m2/repository/ch/qos/logback/logback-core/1.4.6/logback-core-1.4.6.jar:/home/mayur/.m2/repository/org/apache/logging/log4j/log4j-to-slf4j/2.20.0/log4j-to-slf4j-2.20.0.jar:/home/mayur/.m2/repository/org/apache/logging/log4j/log4j-api/2.20.0/log4j-api-2.20.0.jar:/home/mayur/.m2/repository/org/slf4j/jul-to-slf4j/2.0.7/jul-to-slf4j-2.0.7.jar:/home/mayur/.m2/repository/org/yaml/snakeyaml/1.33/snakeyaml-1.33.jar:/home/mayur/.m2/repository/org/springframework/boot/spring-boot-starter-json/3.1.0-M2/spring-boot-starter-json-3.1.0-M2.jar:/home/mayur/.m2/repository/com/fasterxml/jackson/core/jackson-databind/2.14.2/jackson-databind-2.14.2.jar:/home/mayur/.m2/repository/com/fasterxml/jackson/core/jackson-core/2.14.2/jackson-core-2.14.2.jar:/home/mayur/.m2/repository/com/fasterxml/jackson/datatype/jackson-datatype-jdk8/2.14.2/jackson-datatype-jdk8-2.14.2.jar:/home/mayur/.m2/repository/com/fasterxml/jackson/datatype/jackson-datatype-jsr310/2.14.2/jackson-datatype-jsr310-2.14.2.jar:/home/mayur/.m2/repository/com/fasterxml/jackson/module/jackson-module-parameter-names/2.14.2/jackson-module-parameter-names-2.14.2.jar:/home/mayur/.m2/repository/org/springframework/boot/spring-boot-starter-tomcat/3.1.0-M2/spring-boot-starter-tomcat-3.1.0-M2.jar:/home/mayur/.m2/repository/org/apache/tomcat/embed/tomcat-embed-core/10.1.7/tomcat-embed-core-10.1.7.jar:/home/mayur/.m2/repository/org/apache/tomcat/embed/tomcat-embed-websocket/10.1.7/tomcat-embed-websocket-10.1.7.jar:/home/mayur/.m2/repository/org/springframework/spring-web/6.0.7/spring-web-6.0.7.jar:/home/mayur/.m2/repository/org/springframework/spring-webmvc/6.0.7/spring-webmvc-6.0.7.jar:/home/mayur/.m2/repository/org/springframework/spring-expression/6.0.7/spring-expression-6.0.7.jar:/home/mayur/.m2/repository/org/springframework/data/spring-data-rest-hal-explorer/4.1.0-M3/spring-data-rest-hal-explorer-4.1.0-M3.jar:/home/mayur/.m2/repository/org/springframework/data/spring-data-rest-webmvc/4.1.0-M3/spring-data-rest-webmvc-4.1.0-M3.jar:/home/mayur/.m2/repository/org/springframework/data/spring-data-rest-core/4.1.0-M3/spring-data-rest-core-4.1.0-M3.jar:/home/mayur/.m2/repository/org/atteo/evo-inflector/1.3/evo-inflector-1.3.jar:/home/mayur/.m2/repository/com/fasterxml/jackson/core/jackson-annotations/2.14.2/jackson-annotations-2.14.2.jar:/home/mayur/.m2/repository/org/slf4j/slf4j-api/2.0.7/slf4j-api-2.0.7.jar:/home/mayur/.m2/repository/org/springframework/boot/spring-boot-starter-actuator/3.1.0-M2/spring-boot-starter-actuator-3.1.0-M2.jar:/home/mayur/.m2/repository/org/springframework/boot/spring-boot-actuator-autoconfigure/3.1.0-M2/spring-boot-actuator-autoconfigure-3.1.0-M2.jar:/home/mayur/.m2/repository/org/springframework/boot/spring-boot-actuator/3.1.0-M2/spring-boot-actuator-3.1.0-M2.jar:/home/mayur/.m2/repository/io/micrometer/micrometer-observation/1.11.0-M2/micrometer-observation-1.11.0-M2.jar:/home/mayur/.m2/repository/io/micrometer/micrometer-commons/1.11.0-M2/micrometer-commons-1.11.0-M2.jar:/home/mayur/.m2/repository/io/micrometer/micrometer-core/1.11.0-M2/micrometer-core-1.11.0-M2.jar:/home/mayur/.m2/repository/org/hdrhistogram/HdrHistogram/2.1.12/HdrHistogram-2.1.12.jar:/home/mayur/.m2/repository/org/latencyutils/LatencyUtils/2.0.3/LatencyUtils-2.0.3.jar:/home/mayur/.m2/repository/org/springframework/boot/spring-boot-starter-hateoas/3.1.0-M2/spring-boot-starter-hateoas-3.1.0-M2.jar:/home/mayur/.m2/repository/org/springframework/hateoas/spring-hateoas/2.1.0-M1/spring-hateoas-2.1.0-M1.jar:/home/mayur/.m2/repository/org/springframework/plugin/spring-plugin-core/3.0.0/spring-plugin-core-3.0.0.jar:/home/mayur/.m2/repository/org/springframework/boot/spring-boot-starter-validation/3.1.0-M2/spring-boot-starter-validation-3.1.0-M2.jar:/home/mayur/.m2/repository/org/apache/tomcat/embed/tomcat-embed-el/10.1.7/tomcat-embed-el-10.1.7.jar:/home/mayur/.m2/repository/org/hibernate/validator/hibernate-validator/8.0.0.Final/hibernate-validator-8.0.0.Final.jar:/home/mayur/.m2/repository/jakarta/validation/jakarta.validation-api/3.0.2/jakarta.validation-api-3.0.2.jar:/home/mayur/.m2/repository/org/springframework/boot/spring-boot-devtools/3.1.0-M2/spring-boot-devtools-3.1.0-M2.jar:/home/mayur/.m2/repository/org/springframework/boot/spring-boot/3.1.0-M2/spring-boot-3.1.0-M2.jar:/home/mayur/.m2/repository/org/springframework/boot/spring-boot-autoconfigure/3.1.0-M2/spring-boot-autoconfigure-3.1.0-M2.jar:/home/mayur/.m2/repository/com/h2database/h2/2.1.214/h2-2.1.214.jar:/home/mayur/.m2/repository/org/springframework/boot/spring-boot-starter-test/3.1.0-M2/spring-boot-starter-test-3.1.0-M2.jar:/home/mayur/.m2/repository/org/springframework/boot/spring-boot-test/3.1.0-M2/spring-boot-test-3.1.0-M2.jar:/home/mayur/.m2/repository/org/springframework/boot/spring-boot-test-autoconfigure/3.1.0-M2/spring-boot-test-autoconfigure-3.1.0-M2.jar:/home/mayur/.m2/repository/com/jayway/jsonpath/json-path/2.7.0/json-path-2.7.0.jar:/home/mayur/.m2/repository/net/minidev/json-smart/2.4.10/json-smart-2.4.10.jar:/home/mayur/.m2/repository/net/minidev/accessors-smart/2.4.9/accessors-smart-2.4.9.jar:/home/mayur/.m2/repository/org/ow2/asm/asm/9.3/asm-9.3.jar:/home/mayur/.m2/repository/jakarta/xml/bind/jakarta.xml.bind-api/4.0.0/jakarta.xml.bind-api-4.0.0.jar:/home/mayur/.m2/repository/jakarta/activation/jakarta.activation-api/2.1.1/jakarta.activation-api-2.1.1.jar:/home/mayur/.m2/repository/org/assertj/assertj-core/3.24.2/assertj-core-3.24.2.jar:/home/mayur/.m2/repository/org/hamcrest/hamcrest/2.2/hamcrest-2.2.jar:/home/mayur/.m2/repository/org/junit/jupiter/junit-jupiter/5.9.2/junit-jupiter-5.9.2.jar:/home/mayur/.m2/repository/org/junit/jupiter/junit-jupiter-api/5.9.2/junit-jupiter-api-5.9.2.jar:/home/mayur/.m2/repository/org/opentest4j/opentest4j/1.2.0/opentest4j-1.2.0.jar:/home/mayur/.m2/repository/org/junit/platform/junit-platform-commons/1.9.2/junit-platform-commons-1.9.2.jar:/home/mayur/.m2/repository/org/apiguardian/apiguardian-api/1.1.2/apiguardian-api-1.1.2.jar:/home/mayur/.m2/repository/org/junit/jupiter/junit-jupiter-params/5.9.2/junit-jupiter-params-5.9.2.jar:/home/mayur/.m2/repository/org/junit/jupiter/junit-jupiter-engine/5.9.2/junit-jupiter-engine-5.9.2.jar:/home/mayur/.m2/repository/org/junit/platform/junit-platform-engine/1.9.2/junit-platform-engine-1.9.2.jar:/home/mayur/.m2/repository/org/mockito/mockito-core/4.11.0/mockito-core-4.11.0.jar:/home/mayur/.m2/repository/net/bytebuddy/byte-buddy-agent/1.14.2/byte-buddy-agent-1.14.2.jar:/home/mayur/.m2/repository/org/objenesis/objenesis/3.3/objenesis-3.3.jar:/home/mayur/.m2/repository/org/mockito/mockito-junit-jupiter/4.11.0/mockito-junit-jupiter-4.11.0.jar:/home/mayur/.m2/repository/org/skyscreamer/jsonassert/1.5.1/jsonassert-1.5.1.jar:/home/mayur/.m2/repository/com/vaadin/external/google/android-json/0.0.20131108.vaadin1/android-json-0.0.20131108.vaadin1.jar:/home/mayur/.m2/repository/org/springframework/spring-core/6.0.7/spring-core-6.0.7.jar:/home/mayur/.m2/repository/org/springframework/spring-jcl/6.0.7/spring-jcl-6.0.7.jar:/home/mayur/.m2/repository/org/springframework/spring-test/6.0.7/spring-test-6.0.7.jar:/home/mayur/.m2/repository/org/xmlunit/xmlunit-core/2.9.1/xmlunit-core-2.9.1.jar:"/>
    <property name="java.vm.vendor" value="Oracle Corporation"/>
    <property name="sun.arch.data.model" value="64"/>
    <property name="java.vendor.url" value="https://java.oracle.com/"/>
    <property name="os.name" value="Linux"/>
    <property name="java.vm.specification.version" value="20"/>
    <property name="sun.java.launcher" value="SUN_STANDARD"/>
    <property name="user.country" value="IN"/>
    <property name="sun.boot.library.path" value="/home/mayur/.jdks/openjdk-20.0.1/lib"/>
    <property name="sun.java.command" value="/home/mayur/IdeaProjects/demo/target/surefire/surefirebooter1340167921731839228.jar /home/mayur/IdeaProjects/demo/target/surefire 2023-05-11T23-07-17_493-jvmRun1 surefire5342688405270577255tmp surefire_015662219285107467102tmp"/>
    <property name="jdk.debug" value="release"/>
    <property name="surefire.test.class.path" value="/home/mayur/IdeaProjects/demo/target/test-classes:/home/mayur/IdeaProjects/demo/target/classes:/home/mayur/.m2/repository/org/springdoc/springdoc-openapi-starter-webmvc-ui/2.1.0/springdoc-openapi-starter-webmvc-ui-2.1.0.jar:/home/mayur/.m2/repository/org/springdoc/springdoc-openapi-starter-webmvc-api/2.1.0/springdoc-openapi-starter-webmvc-api-2.1.0.jar:/home/mayur/.m2/repository/org/springdoc/springdoc-openapi-starter-common/2.1.0/springdoc-openapi-starter-common-2.1.0.jar:/home/mayur/.m2/repository/io/swagger/core/v3/swagger-core-jakarta/2.2.9/swagger-core-jakarta-2.2.9.jar:/home/mayur/.m2/repository/org/apache/commons/commons-lang3/3.12.0/commons-lang3-3.12.0.jar:/home/mayur/.m2/repository/io/swagger/core/v3/swagger-annotations-jakarta/2.2.9/swagger-annotations-jakarta-2.2.9.jar:/home/mayur/.m2/repository/io/swagger/core/v3/swagger-models-jakarta/2.2.9/swagger-models-jakarta-2.2.9.jar:/home/mayur/.m2/repository/com/fasterxml/jackson/dataformat/jackson-dataformat-yaml/2.14.2/jackson-dataformat-yaml-2.14.2.jar:/home/mayur/.m2/repository/org/webjars/swagger-ui/4.18.2/swagger-ui-4.18.2.jar:/home/mayur/.m2/repository/org/springframework/boot/spring-boot-starter-data-jpa/3.1.0-M2/spring-boot-starter-data-jpa-3.1.0-M2.jar:/home/mayur/.m2/repository/org/springframework/boot/spring-boot-starter-aop/3.1.0-M2/spring-boot-starter-aop-3.1.0-M2.jar:/home/mayur/.m2/repository/org/springframework/spring-aop/6.0.7/spring-aop-6.0.7.jar:/home/mayur/.m2/repository/org/aspectj/aspectjweaver/1.9.19/aspectjweaver-1.9.19.jar:/home/mayur/.m2/repository/org/springframework/boot/spring-boot-starter-jdbc/3.1.0-M2/spring-boot-starter-jdbc-3.1.0-M2.jar:/home/mayur/.m2/repository/com/zaxxer/HikariCP/5.0.1/HikariCP-5.0.1.jar:/home/mayur/.m2/repository/org/springframework/spring-jdbc/6.0.7/spring-jdbc-6.0.7.jar:/home/mayur/.m2/repository/org/hibernate/orm/hibernate-core/6.1.7.Final/hibernate-core-6.1.7.Final.jar:/home/mayur/.m2/repository/jakarta/persistence/jakarta.persistence-api/3.1.0/jakarta.persistence-api-3.1.0.jar:/home/mayur/.m2/repository/jakarta/transaction/jakarta.transaction-api/2.0.1/jakarta.transaction-api-2.0.1.jar:/home/mayur/.m2/repository/org/jboss/logging/jboss-logging/3.5.0.Final/jboss-logging-3.5.0.Final.jar:/home/mayur/.m2/repository/org/hibernate/common/hibernate-commons-annotations/6.0.6.Final/hibernate-commons-annotations-6.0.6.Final.jar:/home/mayur/.m2/repository/org/jboss/jandex/2.4.2.Final/jandex-2.4.2.Final.jar:/home/mayur/.m2/repository/com/fasterxml/classmate/1.5.1/classmate-1.5.1.jar:/home/mayur/.m2/repository/net/bytebuddy/byte-buddy/1.14.2/byte-buddy-1.14.2.jar:/home/mayur/.m2/repository/org/glassfish/jaxb/jaxb-runtime/4.0.2/jaxb-runtime-4.0.2.jar:/home/mayur/.m2/repository/org/glassfish/jaxb/jaxb-core/4.0.2/jaxb-core-4.0.2.jar:/home/mayur/.m2/repository/org/eclipse/angus/angus-activation/2.0.0/angus-activation-2.0.0.jar:/home/mayur/.m2/repository/org/glassfish/jaxb/txw2/4.0.2/txw2-4.0.2.jar:/home/mayur/.m2/repository/com/sun/istack/istack-commons-runtime/4.1.1/istack-commons-runtime-4.1.1.jar:/home/mayur/.m2/repository/jakarta/inject/jakarta.inject-api/2.0.0/jakarta.inject-api-2.0.0.jar:/home/mayur/.m2/repository/org/antlr/antlr4-runtime/4.10.1/antlr4-runtime-4.10.1.jar:/home/mayur/.m2/repository/org/springframework/data/spring-data-jpa/3.1.0-M3/spring-data-jpa-3.1.0-M3.jar:/home/mayur/.m2/repository/org/springframework/data/spring-data-commons/3.1.0-M3/spring-data-commons-3.1.0-M3.jar:/home/mayur/.m2/repository/org/springframework/spring-orm/6.0.7/spring-orm-6.0.7.jar:/home/mayur/.m2/repository/org/springframework/spring-context/6.0.7/spring-context-6.0.7.jar:/home/mayur/.m2/repository/org/springframework/spring-tx/6.0.7/spring-tx-6.0.7.jar:/home/mayur/.m2/repository/org/springframework/spring-beans/6.0.7/spring-beans-6.0.7.jar:/home/mayur/.m2/repository/jakarta/annotation/jakarta.annotation-api/2.1.1/jakarta.annotation-api-2.1.1.jar:/home/mayur/.m2/repository/org/springframework/spring-aspects/6.0.7/spring-aspects-6.0.7.jar:/home/mayur/.m2/repository/org/springframework/boot/spring-boot-starter-web/3.1.0-M2/spring-boot-starter-web-3.1.0-M2.jar:/home/mayur/.m2/repository/org/springframework/boot/spring-boot-starter/3.1.0-M2/spring-boot-starter-3.1.0-M2.jar:/home/mayur/.m2/repository/org/springframework/boot/spring-boot-starter-logging/3.1.0-M2/spring-boot-starter-logging-3.1.0-M2.jar:/home/mayur/.m2/repository/ch/qos/logback/logback-classic/1.4.6/logback-classic-1.4.6.jar:/home/mayur/.m2/repository/ch/qos/logback/logback-core/1.4.6/logback-core-1.4.6.jar:/home/mayur/.m2/repository/org/apache/logging/log4j/log4j-to-slf4j/2.20.0/log4j-to-slf4j-2.20.0.jar:/home/mayur/.m2/repository/org/apache/logging/log4j/log4j-api/2.20.0/log4j-api-2.20.0.jar:/home/mayur/.m2/repository/org/slf4j/jul-to-slf4j/2.0.7/jul-to-slf4j-2.0.7.jar:/home/mayur/.m2/repository/org/yaml/snakeyaml/1.33/snakeyaml-1.33.jar:/home/mayur/.m2/repository/org/springframework/boot/spring-boot-starter-json/3.1.0-M2/spring-boot-starter-json-3.1.0-M2.jar:/home/mayur/.m2/repository/com/fasterxml/jackson/core/jackson-databind/2.14.2/jackson-databind-2.14.2.jar:/home/mayur/.m2/repository/com/fasterxml/jackson/core/jackson-core/2.14.2/jackson-core-2.14.2.jar:/home/mayur/.m2/repository/com/fasterxml/jackson/datatype/jackson-datatype-jdk8/2.14.2/jackson-datatype-jdk8-2.14.2.jar:/home/mayur/.m2/repository/com/fasterxml/jackson/datatype/jackson-datatype-jsr310/2.14.2/jackson-datatype-jsr310-2.14.2.jar:/home/mayur/.m2/repository/com/fasterxml/jackson/module/jackson-module-parameter-names/2.14.2/jackson-module-parameter-names-2.14.2.jar:/home/mayur/.m2/repository/org/springframework/boot/spring-boot-starter-tomcat/3.1.0-M2/spring-boot-starter-tomcat-3.1.0-M2.jar:/home/mayur/.m2/repository/org/apache/tomcat/embed/tomcat-embed-core/10.1.7/tomcat-embed-core-10.1.7.jar:/home/mayur/.m2/repository/org/apache/tomcat/embed/tomcat-embed-websocket/10.1.7/tomcat-embed-websocket-10.1.7.jar:/home/mayur/.m2/repository/org/springframework/spring-web/6.0.7/spring-web-6.0.7.jar:/home/mayur/.m2/repository/org/springframework/spring-webmvc/6.0.7/spring-webmvc-6.0.7.jar:/home/mayur/.m2/repository/org/springframework/spring-expression/6.0.7/spring-expression-6.0.7.jar:/home/mayur/.m2/repository/org/springframework/data/spring-data-rest-hal-explorer/4.1.0-M3/spring-data-rest-hal-explorer-4.1.0-M3.jar:/home/mayur/.m2/repository/org/springframework/data/spring-data-rest-webmvc/4.1.0-M3/spring-data-rest-webmvc-4.1.0-M3.jar:/home/mayur/.m2/repository/org/springframework/data/spring-data-rest-core/4.1.0-M3/spring-data-rest-core-4.1.0-M3.jar:/home/mayur/.m2/repository/org/atteo/evo-inflector/1.3/evo-inflector-1.3.jar:/home/mayur/.m2/repository/com/fasterxml/jackson/core/jackson-annotations/2.14.2/jackson-annotations-2.14.2.jar:/home/mayur/.m2/repository/org/slf4j/slf4j-api/2.0.7/slf4j-api-2.0.7.jar:/home/mayur/.m2/repository/org/springframework/boot/spring-boot-starter-actuator/3.1.0-M2/spring-boot-starter-actuator-3.1.0-M2.jar:/home/mayur/.m2/repository/org/springframework/boot/spring-boot-actuator-autoconfigure/3.1.0-M2/spring-boot-actuator-autoconfigure-3.1.0-M2.jar:/home/mayur/.m2/repository/org/springframework/boot/spring-boot-actuator/3.1.0-M2/spring-boot-actuator-3.1.0-M2.jar:/home/mayur/.m2/repository/io/micrometer/micrometer-observation/1.11.0-M2/micrometer-observation-1.11.0-M2.jar:/home/mayur/.m2/repository/io/micrometer/micrometer-commons/1.11.0-M2/micrometer-commons-1.11.0-M2.jar:/home/mayur/.m2/repository/io/micrometer/micrometer-core/1.11.0-M2/micrometer-core-1.11.0-M2.jar:/home/mayur/.m2/repository/org/hdrhistogram/HdrHistogram/2.1.12/HdrHistogram-2.1.12.jar:/home/mayur/.m2/repository/org/latencyutils/LatencyUtils/2.0.3/LatencyUtils-2.0.3.jar:/home/mayur/.m2/repository/org/springframework/boot/spring-boot-starter-hateoas/3.1.0-M2/spring-boot-starter-hateoas-3.1.0-M2.jar:/home/mayur/.m2/repository/org/springframework/hateoas/spring-hateoas/2.1.0-M1/spring-hateoas-2.1.0-M1.jar:/home/mayur/.m2/repository/org/springframework/plugin/spring-plugin-core/3.0.0/spring-plugin-core-3.0.0.jar:/home/mayur/.m2/repository/org/springframework/boot/spring-boot-starter-validation/3.1.0-M2/spring-boot-starter-validation-3.1.0-M2.jar:/home/mayur/.m2/repository/org/apache/tomcat/embed/tomcat-embed-el/10.1.7/tomcat-embed-el-10.1.7.jar:/home/mayur/.m2/repository/org/hibernate/validator/hibernate-validator/8.0.0.Final/hibernate-validator-8.0.0.Final.jar:/home/mayur/.m2/repository/jakarta/validation/jakarta.validation-api/3.0.2/jakarta.validation-api-3.0.2.jar:/home/mayur/.m2/repository/org/springframework/boot/spring-boot-devtools/3.1.0-M2/spring-boot-devtools-3.1.0-M2.jar:/home/mayur/.m2/repository/org/springframework/boot/spring-boot/3.1.0-M2/spring-boot-3.1.0-M2.jar:/home/mayur/.m2/repository/org/springframework/boot/spring-boot-autoconfigure/3.1.0-M2/spring-boot-autoconfigure-3.1.0-M2.jar:/home/mayur/.m2/repository/com/h2database/h2/2.1.214/h2-2.1.214.jar:/home/mayur/.m2/repository/org/springframework/boot/spring-boot-starter-test/3.1.0-M2/spring-boot-starter-test-3.1.0-M2.jar:/home/mayur/.m2/repository/org/springframework/boot/spring-boot-test/3.1.0-M2/spring-boot-test-3.1.0-M2.jar:/home/mayur/.m2/repository/org/springframework/boot/spring-boot-test-autoconfigure/3.1.0-M2/spring-boot-test-autoconfigure-3.1.0-M2.jar:/home/mayur/.m2/repository/com/jayway/jsonpath/json-path/2.7.0/json-path-2.7.0.jar:/home/mayur/.m2/repository/net/minidev/json-smart/2.4.10/json-smart-2.4.10.jar:/home/mayur/.m2/repository/net/minidev/accessors-smart/2.4.9/accessors-smart-2.4.9.jar:/home/mayur/.m2/repository/org/ow2/asm/asm/9.3/asm-9.3.jar:/home/mayur/.m2/repository/jakarta/xml/bind/jakarta.xml.bind-api/4.0.0/jakarta.xml.bind-api-4.0.0.jar:/home/mayur/.m2/repository/jakarta/activation/jakarta.activation-api/2.1.1/jakarta.activation-api-2.1.1.jar:/home/mayur/.m2/repository/org/assertj/assertj-core/3.24.2/assertj-core-3.24.2.jar:/home/mayur/.m2/repository/org/hamcrest/hamcrest/2.2/hamcrest-2.2.jar:/home/mayur/.m2/repository/org/junit/jupiter/junit-jupiter/5.9.2/junit-jupiter-5.9.2.jar:/home/mayur/.m2/repository/org/junit/jupiter/junit-jupiter-api/5.9.2/junit-jupiter-api-5.9.2.jar:/home/mayur/.m2/repository/org/opentest4j/opentest4j/1.2.0/opentest4j-1.2.0.jar:/home/mayur/.m2/repository/org/junit/platform/junit-platform-commons/1.9.2/junit-platform-commons-1.9.2.jar:/home/mayur/.m2/repository/org/apiguardian/apiguardian-api/1.1.2/apiguardian-api-1.1.2.jar:/home/mayur/.m2/repository/org/junit/jupiter/junit-jupiter-params/5.9.2/junit-jupiter-params-5.9.2.jar:/home/mayur/.m2/repository/org/junit/jupiter/junit-jupiter-engine/5.9.2/junit-jupiter-engine-5.9.2.jar:/home/mayur/.m2/repository/org/junit/platform/junit-platform-engine/1.9.2/junit-platform-engine-1.9.2.jar:/home/mayur/.m2/repository/org/mockito/mockito-core/4.11.0/mockito-core-4.11.0.jar:/home/mayur/.m2/repository/net/bytebuddy/byte-buddy-agent/1.14.2/byte-buddy-agent-1.14.2.jar:/home/mayur/.m2/repository/org/objenesis/objenesis/3.3/objenesis-3.3.jar:/home/mayur/.m2/repository/org/mockito/mockito-junit-jupiter/4.11.0/mockito-junit-jupiter-4.11.0.jar:/home/mayur/.m2/repository/org/skyscreamer/jsonassert/1.5.1/jsonassert-1.5.1.jar:/home/mayur/.m2/repository/com/vaadin/external/google/android-json/0.0.20131108.vaadin1/android-json-0.0.20131108.vaadin1.jar:/home/mayur/.m2/repository/org/springframework/spring-core/6.0.7/spring-core-6.0.7.jar:/home/mayur/.m2/repository/org/springframework/spring-jcl/6.0.7/spring-jcl-6.0.7.jar:/home/mayur/.m2/repository/org/springframework/spring-test/6.0.7/spring-test-6.0.7.jar:/home/mayur/.m2/repository/org/xmlunit/xmlunit-core/2.9.1/xmlunit-core-2.9.1.jar:"/>
    <property name="sun.cpu.endian" value="little"/>
    <property name="user.home" value="/home/mayur"/>
    <property name="user.language" value="en"/>
    <property name="java.specification.vendor" value="Oracle Corporation"/>
    <property name="java.version.date" value="2023-04-18"/>
    <property name="java.home" value="/home/mayur/.jdks/openjdk-20.0.1"/>
    <property name="file.separator" value="/"/>
    <property name="basedir" value="/home/mayur/IdeaProjects/demo"/>
    <property name="java.vm.compressedOopsMode" value="Zero based"/>
    <property name="line.separator" value="&#10;"/>
    <property name="java.specification.name" value="Java Platform API Specification"/>
    <property name="java.vm.specification.vendor" value="Oracle Corporation"/>
    <property name="surefire.real.class.path" value="/home/mayur/IdeaProjects/demo/target/surefire/surefirebooter1340167921731839228.jar"/>
    <property name="sun.management.compiler" value="HotSpot 64-Bit Tiered Compilers"/>
    <property name="java.runtime.version" value="20.0.1+9-29"/>
    <property name="user.name" value="mayur"/>
    <property name="stdout.encoding" value="UTF-8"/>
    <property name="path.separator" value=":"/>
    <property name="os.version" value="5.19.0-41-generic"/>
    <property name="java.runtime.name" value="OpenJDK Runtime Environment"/>
    <property name="file.encoding" value="UTF-8"/>
    <property name="java.vm.name" value="OpenJDK 64-Bit Server VM"/>
    <property name="localRepository" value="/home/mayur/.m2/repository"/>
    <property name="java.vendor.url.bug" value="https://bugreport.java.com/bugreport/"/>
    <property name="java.io.tmpdir" value="/tmp"/>
    <property name="idea.version" value="2023.1.1"/>
    <property name="java.version" value="20.0.1"/>
    <property name="user.dir" value="/home/mayur/IdeaProjects/demo"/>
    <property name="os.arch" value="amd64"/>
    <property name="java.vm.specification.name" value="Java Virtual Machine Specification"/>
    <property name="native.encoding" value="UTF-8"/>
    <property name="java.library.path" value="/usr/java/packages/lib:/usr/lib64:/lib64:/lib:/usr/lib"/>
    <property name="java.vm.info" value="mixed mode, sharing"/>
    <property name="stderr.encoding" value="UTF-8"/>
    <property name="java.vendor" value="Oracle Corporation"/>
    <property name="java.vm.version" value="20.0.1+9-29"/>
    <property name="sun.io.unicode.encoding" value="UnicodeLittle"/>
    <property name="java.class.version" value="64.0"/>
  </properties>
  <testcase name="contextLoads" classname="com.example.demo.DemoApplicationTests" time="0.413"/>
</testsuite>